[0.490s] Invoking command in '/home/jetson/JetAutonomy/ros/build/front_cam': CMAKE_PREFIX_PATH=${CMAKE_PREFIX_PATH}:/home/jetson/ros2_dashing/install/ros2bag:/home/jetson/ros2_dashing/install/topic_monitor:/home/jetson/ros2_dashing/install/sros2:/home/jetson/ros2_dashing/install/rqt_topic:/home/jetson/ros2_dashing/install/rqt_top:/home/jetson/ros2_dashing/install/rqt_srv:/home/jetson/ros2_dashing/install/rqt_shell:/home/jetson/ros2_dashing/install/rqt_service_caller:/home/jetson/ros2_dashing/install/rqt_py_console:/home/jetson/ros2_dashing/install/rqt_action:/home/jetson/ros2_dashing/install/rqt:/home/jetson/ros2_dashing/install/rqt_graph:/home/jetson/ros2_dashing/install/rqt_gui_py:/home/jetson/ros2_dashing/install/rqt_gui:/home/jetson/ros2_dashing/install/ros2topic:/home/jetson/ros2_dashing/install/ros2test:/home/jetson/ros2_dashing/install/ros2component:/home/jetson/ros2_dashing/install/ros2param:/home/jetson/ros2_dashing/install/ros2lifecycle:/home/jetson/ros2_dashing/install/ros2service:/home/jetson/ros2_dashing/install/ros2srv:/home/jetson/ros2_dashing/install/ros2run:/home/jetson/ros2_dashing/install/ros2launch:/home/jetson/ros2_dashing/install/ros2pkg:/home/jetson/ros2_dashing/install/ros2node:/home/jetson/ros2_dashing/install/ros2multicast:/home/jetson/ros2_dashing/install/ros2msg:/home/jetson/ros2_dashing/install/ros2action:/home/jetson/ros2_dashing/install/ros2cli:/home/jetson/ros2_dashing/install/quality_of_service_demo_py:/home/jetson/ros2_dashing/install/launch_testing_ros:/home/jetson/ros2_dashing/install/launch_ros:/home/jetson/ros2_dashing/install/examples_rclpy_minimal_subscriber:/home/jetson/ros2_dashing/install/examples_rclpy_minimal_service:/home/jetson/ros2_dashing/install/examples_rclpy_minimal_publisher:/home/jetson/ros2_dashing/install/examples_rclpy_minimal_client:/home/jetson/ros2_dashing/install/examples_rclpy_minimal_action_server:/home/jetson/ros2_dashing/install/examples_rclpy_minimal_action_client:/home/jetson/ros2_dashing/install/examples_rclpy_executors:/home/jetson/ros2_dashing/install/demo_nodes_py:/home/jetson/ros2_dashing/install/ament_uncrustify:/home/jetson/ros2_dashing/install/test_launch_ros:/home/jetson/ros2_dashing/install/rosidl_runtime_py:/home/jetson/ros2_dashing/install/launch_testing:/home/jetson/ros2_dashing/install/launch:/home/jetson/ros2_dashing/install/osrf_pycommon:/home/jetson/ros2_dashing/install/ament_xmllint:/home/jetson/ros2_dashing/install/ament_pyflakes:/home/jetson/ros2_dashing/install/ament_pep8:/home/jetson/ros2_dashing/install/ament_pep257:/home/jetson/ros2_dashing/install/ament_pclint:/home/jetson/ros2_dashing/install/ament_package:/home/jetson/ros2_dashing/install/ament_lint_cmake:/home/jetson/ros2_dashing/install/ament_flake8:/home/jetson/ros2_dashing/install/ament_copyright:/home/jetson/ros2_dashing/install/ament_lint:/home/jetson/ros2_dashing/install/ament_index_python:/home/jetson/ros2_dashing/install/ament_cpplint:/home/jetson/ros2_dashing/install/ament_cppcheck:/home/jetson/ros2_dashing/install/ament_clang_tidy:/home/jetson/ros2_dashing/install/ament_clang_format /usr/bin/cmake --build /home/jetson/JetAutonomy/ros/build/front_cam -- -j2 -l2
[1.282s] [35m[1mScanning dependencies of target front_cam_node[0m
[1.851s] [ 50%] [32mBuilding CXX object CMakeFiles/front_cam_node.dir/src/front_cam_node.cpp.o[0m
[18.517s] In file included from [01m[K/home/jetson/ros2_dashing/install/rclcpp/include/rclcpp/service.hpp:33:0[m[K,
[18.519s]                  from [01m[K/home/jetson/ros2_dashing/install/rclcpp/include/rclcpp/callback_group.hpp:25[m[K,
[18.531s]                  from [01m[K/home/jetson/ros2_dashing/install/rclcpp/include/rclcpp/any_executable.hpp:20[m[K,
[18.532s]                  from [01m[K/home/jetson/ros2_dashing/install/rclcpp/include/rclcpp/memory_strategy.hpp:24[m[K,
[18.533s]                  from [01m[K/home/jetson/ros2_dashing/install/rclcpp/include/rclcpp/memory_strategies.hpp:18[m[K,
[18.534s]                  from [01m[K/home/jetson/ros2_dashing/install/rclcpp/include/rclcpp/executor.hpp:33[m[K,
[18.534s]                  from [01m[K/home/jetson/ros2_dashing/install/rclcpp/include/rclcpp/executors/multi_threaded_executor.hpp:24[m[K,
[18.535s]                  from [01m[K/home/jetson/ros2_dashing/install/rclcpp/include/rclcpp/executors.hpp:21[m[K,
[18.536s]                  from [01m[K/home/jetson/ros2_dashing/install/rclcpp/include/rclcpp/rclcpp.hpp:144[m[K,
[18.537s]                  from [01m[K/home/jetson/JetAutonomy/ros/src/front_cam/src/front_cam_node.cpp:2[m[K:
[18.549s] [01m[K/home/jetson/JetAutonomy/ros/src/front_cam/src/front_cam_node.cpp:[m[K In function â€˜[01m[Kint main(int, char**)[m[Kâ€™:
[18.550s] [01m[K/home/jetson/JetAutonomy/ros/src/front_cam/src/front_cam_node.cpp:93:17:[m[K [01;31m[Kerror: [m[Kinvalid use of â€˜[01m[Kthis[m[Kâ€™ in non-member function
[18.551s]      RCLCPP_INFO([01;31m[Kt[m[Khis->get_logger(), "Spinning off this node");
[18.551s]                  [01;31m[K^[m[K
[18.552s] [01m[K/home/jetson/ros2_dashing/install/rclcpp/include/rclcpp/logging.hpp:215:86:[m[K [01;36m[Knote: [m[Kin definition of macro â€˜[01m[KRCLCPP_INFO[m[Kâ€™
[18.553s]        ::std::is_same<typename std::remove_reference<typename std::remove_cv<decltype([01;36m[Klogger[m[K)>::type>::type, \
[18.571s]                                                                                       [01;36m[K^~~~~~[m[K
[18.572s] [01m[K/home/jetson/JetAutonomy/ros/src/front_cam/src/front_cam_node.cpp:93:17:[m[K [01;31m[Kerror: [m[Kinvalid use of â€˜[01m[Kthis[m[Kâ€™ in non-member function
[18.573s]      RCLCPP_INFO([01;31m[Kt[m[Khis->get_logger(), "Spinning off this node");
[18.586s]                  [01;31m[K^[m[K
[18.587s] [01m[K/home/jetson/ros2_dashing/install/rclcpp/include/rclcpp/logging.hpp:215:86:[m[K [01;36m[Knote: [m[Kin definition of macro â€˜[01m[KRCLCPP_INFO[m[Kâ€™
[18.605s]        ::std::is_same<typename std::remove_reference<typename std::remove_cv<decltype([01;36m[Klogger[m[K)>::type>::type, \
[18.606s]                                                                                       [01;36m[K^~~~~~[m[K
[18.606s] [01m[K/home/jetson/ros2_dashing/install/rclcpp/include/rclcpp/logging.hpp:215:93:[m[K [01;31m[Kerror: [m[Ktemplate argument 1 is invalid
[18.607s]        ::std::is_same<typename std::remove_reference<typename std::remove_cv<decltype(logger)[01;31m[K>[m[K::type>::type, \
[18.626s]                                                                                              [01;31m[K^[m[K
[18.627s] [01m[K/home/jetson/JetAutonomy/ros/src/front_cam/src/front_cam_node.cpp:93:5:[m[K [01;36m[Knote: [m[Kin expansion of macro â€˜[01m[KRCLCPP_INFO[m[Kâ€™
[18.628s]      [01;36m[KR[m[KCLCPP_INFO(this->get_logger(), "Spinning off this node");
[18.628s]      [01;36m[K^[m[K
[18.629s] [01m[K/home/jetson/ros2_dashing/install/rclcpp/include/rclcpp/logging.hpp:215:100:[m[K [01;31m[Kerror: [m[Ktemplate argument 1 is invalid
[18.642s]        ::std::is_same<typename std::remove_reference<typename std::remove_cv<decltype(logger)>::type[01;31m[K>[m[K::type, \
[18.643s]                                                                                                     [01;31m[K^[m[K
[18.644s] [01m[K/home/jetson/JetAutonomy/ros/src/front_cam/src/front_cam_node.cpp:93:5:[m[K [01;36m[Knote: [m[Kin expansion of macro â€˜[01m[KRCLCPP_INFO[m[Kâ€™
[18.645s]      [01;36m[KR[m[KCLCPP_INFO(this->get_logger(), "Spinning off this node");
[18.658s]      [01;36m[K^[m[K
[18.659s] [01m[K/home/jetson/ros2_dashing/install/rclcpp/include/rclcpp/logging.hpp:216:32:[m[K [01;31m[Kerror: [m[Ktemplate argument 1 is invalid
[18.660s]        typename ::rclcpp::Logger[01;31m[K>[m[K::value, \
[18.660s]                                 [01;31m[K^[m[K
[18.661s] [01m[K/home/jetson/JetAutonomy/ros/src/front_cam/src/front_cam_node.cpp:93:5:[m[K [01;36m[Knote: [m[Kin expansion of macro â€˜[01m[KRCLCPP_INFO[m[Kâ€™
[18.671s]      [01;36m[KR[m[KCLCPP_INFO(this->get_logger(), "Spinning off this node");
[18.672s]      [01;36m[K^[m[K
[18.673s] In file included from [01m[K/home/jetson/ros2_dashing/install/rclcpp/include/rclcpp/client.hpp:39:0[m[K,
[18.698s]                  from [01m[K/home/jetson/ros2_dashing/install/rclcpp/include/rclcpp/callback_group.hpp:23[m[K,
[18.700s]                  from [01m[K/home/jetson/ros2_dashing/install/rclcpp/include/rclcpp/any_executable.hpp:20[m[K,
[18.701s]                  from [01m[K/home/jetson/ros2_dashing/install/rclcpp/include/rclcpp/memory_strategy.hpp:24[m[K,
[18.705s]                  from [01m[K/home/jetson/ros2_dashing/install/rclcpp/include/rclcpp/memory_strategies.hpp:18[m[K,
[18.706s]                  from [01m[K/home/jetson/ros2_dashing/install/rclcpp/include/rclcpp/executor.hpp:33[m[K,
[18.707s]                  from [01m[K/home/jetson/ros2_dashing/install/rclcpp/include/rclcpp/executors/multi_threaded_executor.hpp:24[m[K,
[18.708s]                  from [01m[K/home/jetson/ros2_dashing/install/rclcpp/include/rclcpp/executors.hpp:21[m[K,
[18.726s]                  from [01m[K/home/jetson/ros2_dashing/install/rclcpp/include/rclcpp/rclcpp.hpp:144[m[K,
[18.727s]                  from [01m[K/home/jetson/JetAutonomy/ros/src/front_cam/src/front_cam_node.cpp:2[m[K:
[18.742s] [01m[K/home/jetson/JetAutonomy/ros/src/front_cam/src/front_cam_node.cpp:93:17:[m[K [01;31m[Kerror: [m[Kinvalid use of â€˜[01m[Kthis[m[Kâ€™ in non-member function
[18.743s]      RCLCPP_INFO([01;31m[Kt[m[Khis->get_logger(), "Spinning off this node");
[18.744s]                  [01;31m[K^[m[K
[18.745s] [01m[K/home/jetson/ros2_dashing/install/rcutils/include/rcutils/logging_macros.h:70:47:[m[K [01;36m[Knote: [m[Kin definition of macro â€˜[01m[KRCUTILS_LOG_COND_NAMED[m[Kâ€™
[18.755s]      if (rcutils_logging_logger_is_enabled_for([01;36m[Kname[m[K, severity)) { \
[18.756s]                                                [01;36m[K^~~~[m[K
[18.757s] [01m[K/home/jetson/ros2_dashing/install/rclcpp/include/rclcpp/logging.hpp:218:5:[m[K [01;36m[Knote: [m[Kin expansion of macro â€˜[01m[KRCUTILS_LOG_INFO_NAMED[m[Kâ€™
[18.771s]      [01;36m[KRCUTILS_LOG_INFO_NAMED[m[K( \
[18.772s]      [01;36m[K^~~~~~~~~~~~~~~~~~~~~~[m[K
[18.773s] [01m[K/home/jetson/JetAutonomy/ros/src/front_cam/src/front_cam_node.cpp:93:5:[m[K [01;36m[Knote: [m[Kin expansion of macro â€˜[01m[KRCLCPP_INFO[m[Kâ€™
[18.773s]      [01;36m[KR[m[KCLCPP_INFO(this->get_logger(), "Spinning off this node");
[18.787s]      [01;36m[K^[m[K
[18.787s] [01m[K/home/jetson/JetAutonomy/ros/src/front_cam/src/front_cam_node.cpp:93:17:[m[K [01;31m[Kerror: [m[Kinvalid use of â€˜[01m[Kthis[m[Kâ€™ in non-member function
[18.788s]      RCLCPP_INFO([01;31m[Kt[m[Khis->get_logger(), "Spinning off this node");
[18.789s]                  [01;31m[K^[m[K
[18.804s] [01m[K/home/jetson/ros2_dashing/install/rcutils/include/rcutils/logging_macros.h:72:58:[m[K [01;36m[Knote: [m[Kin definition of macro â€˜[01m[KRCUTILS_LOG_COND_NAMED[m[Kâ€™
[18.806s]        rcutils_log(&__rcutils_logging_location, severity, [01;36m[Kname[m[K, __VA_ARGS__); \
[18.815s]                                                           [01;36m[K^~~~[m[K
[18.816s] [01m[K/home/jetson/ros2_dashing/install/rclcpp/include/rclcpp/logging.hpp:218:5:[m[K [01;36m[Knote: [m[Kin expansion of macro â€˜[01m[KRCUTILS_LOG_INFO_NAMED[m[Kâ€™
[18.817s]      [01;36m[KRCUTILS_LOG_INFO_NAMED[m[K( \
[18.830s]      [01;36m[K^~~~~~~~~~~~~~~~~~~~~~[m[K
[18.831s] [01m[K/home/jetson/JetAutonomy/ros/src/front_cam/src/front_cam_node.cpp:93:5:[m[K [01;36m[Knote: [m[Kin expansion of macro â€˜[01m[KRCLCPP_INFO[m[Kâ€™
[18.832s]      [01;36m[KR[m[KCLCPP_INFO(this->get_logger(), "Spinning off this node");
[18.832s]      [01;36m[K^[m[K
[23.401s] CMakeFiles/front_cam_node.dir/build.make:62: recipe for target 'CMakeFiles/front_cam_node.dir/src/front_cam_node.cpp.o' failed
[23.406s] make[2]: *** [CMakeFiles/front_cam_node.dir/src/front_cam_node.cpp.o] Error 1
[23.407s] make[1]: *** [CMakeFiles/front_cam_node.dir/all] Error 2
[23.425s] CMakeFiles/Makefile2:67: recipe for target 'CMakeFiles/front_cam_node.dir/all' failed
[23.427s] make: *** [all] Error 2
[23.428s] Makefile:140: recipe for target 'all' failed
[23.433s] Invoked command in '/home/jetson/JetAutonomy/ros/build/front_cam' returned '2': CMAKE_PREFIX_PATH=${CMAKE_PREFIX_PATH}:/home/jetson/ros2_dashing/install/ros2bag:/home/jetson/ros2_dashing/install/topic_monitor:/home/jetson/ros2_dashing/install/sros2:/home/jetson/ros2_dashing/install/rqt_topic:/home/jetson/ros2_dashing/install/rqt_top:/home/jetson/ros2_dashing/install/rqt_srv:/home/jetson/ros2_dashing/install/rqt_shell:/home/jetson/ros2_dashing/install/rqt_service_caller:/home/jetson/ros2_dashing/install/rqt_py_console:/home/jetson/ros2_dashing/install/rqt_action:/home/jetson/ros2_dashing/install/rqt:/home/jetson/ros2_dashing/install/rqt_graph:/home/jetson/ros2_dashing/install/rqt_gui_py:/home/jetson/ros2_dashing/install/rqt_gui:/home/jetson/ros2_dashing/install/ros2topic:/home/jetson/ros2_dashing/install/ros2test:/home/jetson/ros2_dashing/install/ros2component:/home/jetson/ros2_dashing/install/ros2param:/home/jetson/ros2_dashing/install/ros2lifecycle:/home/jetson/ros2_dashing/install/ros2service:/home/jetson/ros2_dashing/install/ros2srv:/home/jetson/ros2_dashing/install/ros2run:/home/jetson/ros2_dashing/install/ros2launch:/home/jetson/ros2_dashing/install/ros2pkg:/home/jetson/ros2_dashing/install/ros2node:/home/jetson/ros2_dashing/install/ros2multicast:/home/jetson/ros2_dashing/install/ros2msg:/home/jetson/ros2_dashing/install/ros2action:/home/jetson/ros2_dashing/install/ros2cli:/home/jetson/ros2_dashing/install/quality_of_service_demo_py:/home/jetson/ros2_dashing/install/launch_testing_ros:/home/jetson/ros2_dashing/install/launch_ros:/home/jetson/ros2_dashing/install/examples_rclpy_minimal_subscriber:/home/jetson/ros2_dashing/install/examples_rclpy_minimal_service:/home/jetson/ros2_dashing/install/examples_rclpy_minimal_publisher:/home/jetson/ros2_dashing/install/examples_rclpy_minimal_client:/home/jetson/ros2_dashing/install/examples_rclpy_minimal_action_server:/home/jetson/ros2_dashing/install/examples_rclpy_minimal_action_client:/home/jetson/ros2_dashing/install/examples_rclpy_executors:/home/jetson/ros2_dashing/install/demo_nodes_py:/home/jetson/ros2_dashing/install/ament_uncrustify:/home/jetson/ros2_dashing/install/test_launch_ros:/home/jetson/ros2_dashing/install/rosidl_runtime_py:/home/jetson/ros2_dashing/install/launch_testing:/home/jetson/ros2_dashing/install/launch:/home/jetson/ros2_dashing/install/osrf_pycommon:/home/jetson/ros2_dashing/install/ament_xmllint:/home/jetson/ros2_dashing/install/ament_pyflakes:/home/jetson/ros2_dashing/install/ament_pep8:/home/jetson/ros2_dashing/install/ament_pep257:/home/jetson/ros2_dashing/install/ament_pclint:/home/jetson/ros2_dashing/install/ament_package:/home/jetson/ros2_dashing/install/ament_lint_cmake:/home/jetson/ros2_dashing/install/ament_flake8:/home/jetson/ros2_dashing/install/ament_copyright:/home/jetson/ros2_dashing/install/ament_lint:/home/jetson/ros2_dashing/install/ament_index_python:/home/jetson/ros2_dashing/install/ament_cpplint:/home/jetson/ros2_dashing/install/ament_cppcheck:/home/jetson/ros2_dashing/install/ament_clang_tidy:/home/jetson/ros2_dashing/install/ament_clang_format /usr/bin/cmake --build /home/jetson/JetAutonomy/ros/build/front_cam -- -j2 -l2
