[35m[1mScanning dependencies of target front_cam_node[0m
[ 50%] [32mBuilding CXX object CMakeFiles/front_cam_node.dir/src/front_cam_node.cpp.o[0m
In file included from [01m[K/home/jetson/JetAutonomy/ros2/src/front_cam/src/front_cam_node.cpp:7:0[m[K:
[01m[K/home/jetson/JetAutonomy/ros2/src/front_cam/include/CSICamera.hpp:47:29:[m[K [01;31m[Kerror: [m[Kexpected identifier before â€˜[01m[K&[m[Kâ€™ token
         std::thread thread_([01;31m[K&[m[Kcapture_thread);
                             [01;31m[K^[m[K
[01m[K/home/jetson/JetAutonomy/ros2/src/front_cam/include/CSICamera.hpp:[m[K In static member function â€˜[01m[Kstatic void CSICamera::capture_thread()[m[Kâ€™:
[01m[K/home/jetson/JetAutonomy/ros2/src/front_cam/include/CSICamera.hpp:34:17:[m[K [01;31m[Kerror: [m[Kinvalid use of member â€˜[01m[KCSICamera::cap[m[Kâ€™ in static member function
                 [01;31m[Kcap[m[K.read(this->frame_);
                 [01;31m[K^~~[m[K
[01m[K/home/jetson/JetAutonomy/ros2/src/front_cam/include/CSICamera.hpp:25:26:[m[K [01;36m[Knote: [m[Kdeclared here
         cv::VideoCapture [01;36m[Kcap[m[K;
                          [01;36m[K^~~[m[K
[01m[K/home/jetson/JetAutonomy/ros2/src/front_cam/include/CSICamera.hpp:34:26:[m[K [01;31m[Kerror: [m[Kâ€˜[01m[Kthis[m[Kâ€™ is unavailable for static member functions
                 cap.read([01;31m[Kthis[m[K->frame_);
                          [01;31m[K^~~~[m[K
[01m[K/home/jetson/JetAutonomy/ros2/src/front_cam/include/CSICamera.hpp:36:21:[m[K [01;31m[Kerror: [m[Kâ€˜[01m[Kthis[m[Kâ€™ is unavailable for static member functions
                 if ([01;31m[Kthis[m[K->frame_.empty()) {
                     [01;31m[K^~~~[m[K
[01m[K/home/jetson/JetAutonomy/ros2/src/front_cam/include/CSICamera.hpp:38:21:[m[K [01;31m[Kerror: [m[Kinvalid use of member â€˜[01m[KCSICamera::error_code[m[Kâ€™ in static member function
                     [01;31m[Kerror_code[m[K = -1;
                     [01;31m[K^~~~~~~~~~[m[K
[01m[K/home/jetson/JetAutonomy/ros2/src/front_cam/include/CSICamera.hpp:27:26:[m[K [01;36m[Knote: [m[Kdeclared here
         int error_code = [01;36m[K0[m[K;
                          [01;36m[K^[m[K
[01m[K/home/jetson/JetAutonomy/ros2/src/front_cam/include/CSICamera.hpp:41:21:[m[K [01;31m[Kerror: [m[Kinvalid use of member â€˜[01m[KCSICamera::error_code[m[Kâ€™ in static member function
                     [01;31m[Kerror_code[m[K = 0;
                     [01;31m[K^~~~~~~~~~[m[K
[01m[K/home/jetson/JetAutonomy/ros2/src/front_cam/include/CSICamera.hpp:27:26:[m[K [01;36m[Knote: [m[Kdeclared here
         int error_code = [01;36m[K0[m[K;
                          [01;36m[K^[m[K
CMakeFiles/front_cam_node.dir/build.make:62: recipe for target 'CMakeFiles/front_cam_node.dir/src/front_cam_node.cpp.o' failed
make[2]: *** [CMakeFiles/front_cam_node.dir/src/front_cam_node.cpp.o] Error 1
make[1]: *** [CMakeFiles/front_cam_node.dir/all] Error 2
make: *** [all] Error 2
CMakeFiles/Makefile2:67: recipe for target 'CMakeFiles/front_cam_node.dir/all' failed
Makefile:140: recipe for target 'all' failed
