[35m[1mScanning dependencies of target front_cam_node[0m
[ 50%] [32mBuilding CXX object CMakeFiles/front_cam_node.dir/src/front_cam_node.cpp.o[0m
[01m[K/home/jetson/JetAutonomy/ros/src/front_cam/src/front_cam_node.cpp:60:32:[m[K [01;31m[Kerror: [m[Kâ€˜[01m[Kframe_rate[m[Kâ€™ is not a type
         rclcpp::Rate loop_rate([01;31m[Kframe_rate[m[K);
                                [01;31m[K^~~~~~~~~~[m[K
CMakeFiles/front_cam_node.dir/build.make:62: recipe for target 'CMakeFiles/front_cam_node.dir/src/front_cam_node.cpp.o' failed
make[2]: *** [CMakeFiles/front_cam_node.dir/src/front_cam_node.cpp.o] Error 1
CMakeFiles/Makefile2:67: recipe for target 'CMakeFiles/front_cam_node.dir/all' failed
make[1]: *** [CMakeFiles/front_cam_node.dir/all] Error 2
Makefile:140: recipe for target 'all' failed
make: *** [all] Error 2
