In file included from [01m[K/home/jetson/JetAutonomy/ros2/src/front_cam/src/front_cam_node.cpp:7:0[m[K:
[01m[K/home/jetson/JetAutonomy/ros2/src/front_cam/include/CSICamera.hpp:[m[K In member function â€˜[01m[Kint CSICamera::read(cv::Mat&)[m[Kâ€™:
[01m[K/home/jetson/JetAutonomy/ros2/src/front_cam/include/CSICamera.hpp:93:22:[m[K [01;31m[Kerror: [m[Kâ€˜[01m[Kframe_[m[Kâ€™ was not declared in this scope
             cap.read([01;31m[Kframe_[m[K);
                      [01;31m[K^~~~~~[m[K
[01m[K/home/jetson/JetAutonomy/ros2/src/front_cam/include/CSICamera.hpp:93:22:[m[K [01;36m[Knote: [m[Ksuggested alternative: â€˜[01m[Kframe[m[Kâ€™
             cap.read([01;36m[Kframe_[m[K);
                      [01;36m[K^~~~~~[m[K
                      [32m[Kframe[m[K
[01m[K/home/jetson/JetAutonomy/ros2/src/front_cam/include/CSICamera.hpp:90:27:[m[K [01;35m[Kwarning: [m[Kunused parameter â€˜[01m[Kframe[m[Kâ€™ [[01;35m[K-Wunused-parameter[m[K]
         int read(cv::Mat &[01;35m[Kframe[m[K) {
                           [01;35m[K^~~~~[m[K
make[2]: *** [CMakeFiles/front_cam_node.dir/src/front_cam_node.cpp.o] Error 1
make[1]: *** [CMakeFiles/front_cam_node.dir/all] Error 2
make: *** [all] Error 2
