[01m[K/home/jetson/JetAutonomy/ros2/src/front_cam/src/front_cam_node.cpp:[m[K In constructor â€˜[01m[KFrontCamPublisher::FrontCamPublisher()[m[Kâ€™:
[01m[K/home/jetson/JetAutonomy/ros2/src/front_cam/src/front_cam_node.cpp:29:80:[m[K [01;31m[Kerror: [m[Kno matching function for call to â€˜[01m[KFrontCamPublisher::get_parameter_or(const char [6], uint16_t&, rclcpp::Parameter)[m[Kâ€™
         this->get_parameter_or("width", width, rclcpp::Parameter("width", 1280)[01;31m[K)[m[K;
                                                                                [01;31m[K^[m[K
In file included from [01m[K/home/jetson/ros2_dashing/install/rclcpp/include/rclcpp/executors/single_threaded_executor.hpp:28:0[m[K,
                 from [01m[K/home/jetson/ros2_dashing/install/rclcpp/include/rclcpp/executors.hpp:22[m[K,
                 from [01m[K/home/jetson/ros2_dashing/install/rclcpp/include/rclcpp/rclcpp.hpp:144[m[K,
                 from [01m[K/home/jetson/JetAutonomy/ros2/src/front_cam/src/front_cam_node.cpp:2[m[K:
[01m[K/home/jetson/ros2_dashing/install/rclcpp/include/rclcpp/node.hpp:732:3:[m[K [01;36m[Knote: [m[Kcandidate: template<class ParameterT> bool rclcpp::Node::get_parameter_or(const string&, ParameterT&, const ParameterT&) const
   [01;36m[Kget_parameter_or[m[K(
   [01;36m[K^~~~~~~~~~~~~~~~[m[K
[01m[K/home/jetson/ros2_dashing/install/rclcpp/include/rclcpp/node.hpp:732:3:[m[K [01;36m[Knote: [m[K  template argument deduction/substitution failed:
[01m[K/home/jetson/JetAutonomy/ros2/src/front_cam/src/front_cam_node.cpp:29:80:[m[K [01;36m[Knote: [m[K  deduced conflicting types for parameter â€˜[01m[Kconst ParameterT[m[Kâ€™ (â€˜[01m[Kshort unsigned int[m[Kâ€™ and â€˜[01m[Krclcpp::Parameter[m[Kâ€™)
         this->get_parameter_or("width", width, rclcpp::Parameter("width", 1280)[01;36m[K)[m[K;
                                                                                [01;36m[K^[m[K
[01m[K/home/jetson/JetAutonomy/ros2/src/front_cam/src/front_cam_node.cpp:30:82:[m[K [01;31m[Kerror: [m[Kno matching function for call to â€˜[01m[KFrontCamPublisher::get_parameter_or(const char [7], uint16_t&, rclcpp::Parameter)[m[Kâ€™
         this->get_parameter_or("height", height, rclcpp::Parameter("height", 720)[01;31m[K)[m[K;
                                                                                  [01;31m[K^[m[K
In file included from [01m[K/home/jetson/ros2_dashing/install/rclcpp/include/rclcpp/executors/single_threaded_executor.hpp:28:0[m[K,
                 from [01m[K/home/jetson/ros2_dashing/install/rclcpp/include/rclcpp/executors.hpp:22[m[K,
                 from [01m[K/home/jetson/ros2_dashing/install/rclcpp/include/rclcpp/rclcpp.hpp:144[m[K,
                 from [01m[K/home/jetson/JetAutonomy/ros2/src/front_cam/src/front_cam_node.cpp:2[m[K:
[01m[K/home/jetson/ros2_dashing/install/rclcpp/include/rclcpp/node.hpp:732:3:[m[K [01;36m[Knote: [m[Kcandidate: template<class ParameterT> bool rclcpp::Node::get_parameter_or(const string&, ParameterT&, const ParameterT&) const
   [01;36m[Kget_parameter_or[m[K(
   [01;36m[K^~~~~~~~~~~~~~~~[m[K
[01m[K/home/jetson/ros2_dashing/install/rclcpp/include/rclcpp/node.hpp:732:3:[m[K [01;36m[Knote: [m[K  template argument deduction/substitution failed:
[01m[K/home/jetson/JetAutonomy/ros2/src/front_cam/src/front_cam_node.cpp:30:82:[m[K [01;36m[Knote: [m[K  deduced conflicting types for parameter â€˜[01m[Kconst ParameterT[m[Kâ€™ (â€˜[01m[Kshort unsigned int[m[Kâ€™ and â€˜[01m[Krclcpp::Parameter[m[Kâ€™)
         this->get_parameter_or("height", height, rclcpp::Parameter("height", 720)[01;36m[K)[m[K;
                                                                                  [01;36m[K^[m[K
[01m[K/home/jetson/JetAutonomy/ros2/src/front_cam/src/front_cam_node.cpp:31:94:[m[K [01;31m[Kerror: [m[Kno matching function for call to â€˜[01m[KFrontCamPublisher::get_parameter_or(const char [11], uint16_t&, rclcpp::Parameter)[m[Kâ€™
         this->get_parameter_or("frame_rate", frame_rate, rclcpp::Parameter("frame_rate", 120)[01;31m[K)[m[K;
                                                                                              [01;31m[K^[m[K
In file included from [01m[K/home/jetson/ros2_dashing/install/rclcpp/include/rclcpp/executors/single_threaded_executor.hpp:28:0[m[K,
                 from [01m[K/home/jetson/ros2_dashing/install/rclcpp/include/rclcpp/executors.hpp:22[m[K,
                 from [01m[K/home/jetson/ros2_dashing/install/rclcpp/include/rclcpp/rclcpp.hpp:144[m[K,
                 from [01m[K/home/jetson/JetAutonomy/ros2/src/front_cam/src/front_cam_node.cpp:2[m[K:
[01m[K/home/jetson/ros2_dashing/install/rclcpp/include/rclcpp/node.hpp:732:3:[m[K [01;36m[Knote: [m[Kcandidate: template<class ParameterT> bool rclcpp::Node::get_parameter_or(const string&, ParameterT&, const ParameterT&) const
   [01;36m[Kget_parameter_or[m[K(
   [01;36m[K^~~~~~~~~~~~~~~~[m[K
[01m[K/home/jetson/ros2_dashing/install/rclcpp/include/rclcpp/node.hpp:732:3:[m[K [01;36m[Knote: [m[K  template argument deduction/substitution failed:
[01m[K/home/jetson/JetAutonomy/ros2/src/front_cam/src/front_cam_node.cpp:31:94:[m[K [01;36m[Knote: [m[K  deduced conflicting types for parameter â€˜[01m[Kconst ParameterT[m[Kâ€™ (â€˜[01m[Kshort unsigned int[m[Kâ€™ and â€˜[01m[Krclcpp::Parameter[m[Kâ€™)
         this->get_parameter_or("frame_rate", frame_rate, rclcpp::Parameter("frame_rate", 120)[01;36m[K)[m[K;
                                                                                              [01;36m[K^[m[K
[01m[K/home/jetson/JetAutonomy/ros2/src/front_cam/src/front_cam_node.cpp:32:89:[m[K [01;31m[Kerror: [m[Kno matching function for call to â€˜[01m[KFrontCamPublisher::get_parameter_or(const char [10], uint16_t&, rclcpp::Parameter)[m[Kâ€™
         this->get_parameter_or("device_id", device_id, rclcpp::Parameter("device_id", 0)[01;31m[K)[m[K;
                                                                                         [01;31m[K^[m[K
In file included from [01m[K/home/jetson/ros2_dashing/install/rclcpp/include/rclcpp/executors/single_threaded_executor.hpp:28:0[m[K,
                 from [01m[K/home/jetson/ros2_dashing/install/rclcpp/include/rclcpp/executors.hpp:22[m[K,
                 from [01m[K/home/jetson/ros2_dashing/install/rclcpp/include/rclcpp/rclcpp.hpp:144[m[K,
                 from [01m[K/home/jetson/JetAutonomy/ros2/src/front_cam/src/front_cam_node.cpp:2[m[K:
[01m[K/home/jetson/ros2_dashing/install/rclcpp/include/rclcpp/node.hpp:732:3:[m[K [01;36m[Knote: [m[Kcandidate: template<class ParameterT> bool rclcpp::Node::get_parameter_or(const string&, ParameterT&, const ParameterT&) const
   [01;36m[Kget_parameter_or[m[K(
   [01;36m[K^~~~~~~~~~~~~~~~[m[K
[01m[K/home/jetson/ros2_dashing/install/rclcpp/include/rclcpp/node.hpp:732:3:[m[K [01;36m[Knote: [m[K  template argument deduction/substitution failed:
[01m[K/home/jetson/JetAutonomy/ros2/src/front_cam/src/front_cam_node.cpp:32:89:[m[K [01;36m[Knote: [m[K  deduced conflicting types for parameter â€˜[01m[Kconst ParameterT[m[Kâ€™ (â€˜[01m[Kshort unsigned int[m[Kâ€™ and â€˜[01m[Krclcpp::Parameter[m[Kâ€™)
         this->get_parameter_or("device_id", device_id, rclcpp::Parameter("device_id", 0)[01;36m[K)[m[K;
                                                                                         [01;36m[K^[m[K
make[2]: *** [CMakeFiles/front_cam_node.dir/src/front_cam_node.cpp.o] Error 1
make[1]: *** [CMakeFiles/front_cam_node.dir/all] Error 2
make: *** [all] Error 2
