[0.181s] Invoking command in '/home/jetson/JetAutonomy/ros2/build/front_cam': /usr/bin/cmake --build /home/jetson/JetAutonomy/ros2/build/front_cam -- -j2 -l2
[0.531s] [35m[1mScanning dependencies of target front_cam_node[0m
[0.976s] [ 50%] [32mBuilding CXX object CMakeFiles/front_cam_node.dir/src/front_cam_node.cpp.o[0m
[16.498s] [01m[K/home/jetson/JetAutonomy/ros2/src/front_cam/src/front_cam_node.cpp:[m[K In constructor â€˜[01m[KFrontCamPublisher::FrontCamPublisher()[m[Kâ€™:
[16.499s] [01m[K/home/jetson/JetAutonomy/ros2/src/front_cam/src/front_cam_node.cpp:29:80:[m[K [01;31m[Kerror: [m[Kno matching function for call to â€˜[01m[KFrontCamPublisher::get_parameter_or(const char [6], uint16_t&, rclcpp::Parameter)[m[Kâ€™
[16.500s]          this->get_parameter_or("width", width, rclcpp::Parameter("width", 1280)[01;31m[K)[m[K;
[16.501s]                                                                                 [01;31m[K^[m[K
[16.503s] In file included from [01m[K/home/jetson/ros2_dashing/install/rclcpp/include/rclcpp/executors/single_threaded_executor.hpp:28:0[m[K,
[16.504s]                  from [01m[K/home/jetson/ros2_dashing/install/rclcpp/include/rclcpp/executors.hpp:22[m[K,
[16.505s]                  from [01m[K/home/jetson/ros2_dashing/install/rclcpp/include/rclcpp/rclcpp.hpp:144[m[K,
[16.508s]                  from [01m[K/home/jetson/JetAutonomy/ros2/src/front_cam/src/front_cam_node.cpp:2[m[K:
[16.508s] [01m[K/home/jetson/ros2_dashing/install/rclcpp/include/rclcpp/node.hpp:732:3:[m[K [01;36m[Knote: [m[Kcandidate: template<class ParameterT> bool rclcpp::Node::get_parameter_or(const string&, ParameterT&, const ParameterT&) const
[16.509s]    [01;36m[Kget_parameter_or[m[K(
[16.510s]    [01;36m[K^~~~~~~~~~~~~~~~[m[K
[16.511s] [01m[K/home/jetson/ros2_dashing/install/rclcpp/include/rclcpp/node.hpp:732:3:[m[K [01;36m[Knote: [m[K  template argument deduction/substitution failed:
[16.531s] [01m[K/home/jetson/JetAutonomy/ros2/src/front_cam/src/front_cam_node.cpp:29:80:[m[K [01;36m[Knote: [m[K  deduced conflicting types for parameter â€˜[01m[Kconst ParameterT[m[Kâ€™ (â€˜[01m[Kshort unsigned int[m[Kâ€™ and â€˜[01m[Krclcpp::Parameter[m[Kâ€™)
[16.532s]          this->get_parameter_or("width", width, rclcpp::Parameter("width", 1280)[01;36m[K)[m[K;
[16.533s]                                                                                 [01;36m[K^[m[K
[16.534s] [01m[K/home/jetson/JetAutonomy/ros2/src/front_cam/src/front_cam_node.cpp:30:82:[m[K [01;31m[Kerror: [m[Kno matching function for call to â€˜[01m[KFrontCamPublisher::get_parameter_or(const char [7], uint16_t&, rclcpp::Parameter)[m[Kâ€™
[16.535s]          this->get_parameter_or("height", height, rclcpp::Parameter("height", 720)[01;31m[K)[m[K;
[16.536s]                                                                                   [01;31m[K^[m[K
[16.537s] In file included from [01m[K/home/jetson/ros2_dashing/install/rclcpp/include/rclcpp/executors/single_threaded_executor.hpp:28:0[m[K,
[16.538s]                  from [01m[K/home/jetson/ros2_dashing/install/rclcpp/include/rclcpp/executors.hpp:22[m[K,
[16.546s]                  from [01m[K/home/jetson/ros2_dashing/install/rclcpp/include/rclcpp/rclcpp.hpp:144[m[K,
[16.547s]                  from [01m[K/home/jetson/JetAutonomy/ros2/src/front_cam/src/front_cam_node.cpp:2[m[K:
[16.548s] [01m[K/home/jetson/ros2_dashing/install/rclcpp/include/rclcpp/node.hpp:732:3:[m[K [01;36m[Knote: [m[Kcandidate: template<class ParameterT> bool rclcpp::Node::get_parameter_or(const string&, ParameterT&, const ParameterT&) const
[16.549s]    [01;36m[Kget_parameter_or[m[K(
[16.549s]    [01;36m[K^~~~~~~~~~~~~~~~[m[K
[16.550s] [01m[K/home/jetson/ros2_dashing/install/rclcpp/include/rclcpp/node.hpp:732:3:[m[K [01;36m[Knote: [m[K  template argument deduction/substitution failed:
[16.551s] [01m[K/home/jetson/JetAutonomy/ros2/src/front_cam/src/front_cam_node.cpp:30:82:[m[K [01;36m[Knote: [m[K  deduced conflicting types for parameter â€˜[01m[Kconst ParameterT[m[Kâ€™ (â€˜[01m[Kshort unsigned int[m[Kâ€™ and â€˜[01m[Krclcpp::Parameter[m[Kâ€™)
[16.552s]          this->get_parameter_or("height", height, rclcpp::Parameter("height", 720)[01;36m[K)[m[K;
[16.552s]                                                                                   [01;36m[K^[m[K
[16.553s] [01m[K/home/jetson/JetAutonomy/ros2/src/front_cam/src/front_cam_node.cpp:31:94:[m[K [01;31m[Kerror: [m[Kno matching function for call to â€˜[01m[KFrontCamPublisher::get_parameter_or(const char [11], uint16_t&, rclcpp::Parameter)[m[Kâ€™
[16.557s]          this->get_parameter_or("frame_rate", frame_rate, rclcpp::Parameter("frame_rate", 120)[01;31m[K)[m[K;
[16.558s]                                                                                               [01;31m[K^[m[K
[16.559s] In file included from [01m[K/home/jetson/ros2_dashing/install/rclcpp/include/rclcpp/executors/single_threaded_executor.hpp:28:0[m[K,
[16.559s]                  from [01m[K/home/jetson/ros2_dashing/install/rclcpp/include/rclcpp/executors.hpp:22[m[K,
[16.560s]                  from [01m[K/home/jetson/ros2_dashing/install/rclcpp/include/rclcpp/rclcpp.hpp:144[m[K,
[16.561s]                  from [01m[K/home/jetson/JetAutonomy/ros2/src/front_cam/src/front_cam_node.cpp:2[m[K:
[16.562s] [01m[K/home/jetson/ros2_dashing/install/rclcpp/include/rclcpp/node.hpp:732:3:[m[K [01;36m[Knote: [m[Kcandidate: template<class ParameterT> bool rclcpp::Node::get_parameter_or(const string&, ParameterT&, const ParameterT&) const
[16.562s]    [01;36m[Kget_parameter_or[m[K(
[16.563s]    [01;36m[K^~~~~~~~~~~~~~~~[m[K
[16.564s] [01m[K/home/jetson/ros2_dashing/install/rclcpp/include/rclcpp/node.hpp:732:3:[m[K [01;36m[Knote: [m[K  template argument deduction/substitution failed:
[16.565s] [01m[K/home/jetson/JetAutonomy/ros2/src/front_cam/src/front_cam_node.cpp:31:94:[m[K [01;36m[Knote: [m[K  deduced conflicting types for parameter â€˜[01m[Kconst ParameterT[m[Kâ€™ (â€˜[01m[Kshort unsigned int[m[Kâ€™ and â€˜[01m[Krclcpp::Parameter[m[Kâ€™)
[16.566s]          this->get_parameter_or("frame_rate", frame_rate, rclcpp::Parameter("frame_rate", 120)[01;36m[K)[m[K;
[16.579s]                                                                                               [01;36m[K^[m[K
[16.580s] [01m[K/home/jetson/JetAutonomy/ros2/src/front_cam/src/front_cam_node.cpp:32:89:[m[K [01;31m[Kerror: [m[Kno matching function for call to â€˜[01m[KFrontCamPublisher::get_parameter_or(const char [10], uint16_t&, rclcpp::Parameter)[m[Kâ€™
[16.580s]          this->get_parameter_or("device_id", device_id, rclcpp::Parameter("device_id", 0)[01;31m[K)[m[K;
[16.581s]                                                                                          [01;31m[K^[m[K
[16.582s] In file included from [01m[K/home/jetson/ros2_dashing/install/rclcpp/include/rclcpp/executors/single_threaded_executor.hpp:28:0[m[K,
[16.583s]                  from [01m[K/home/jetson/ros2_dashing/install/rclcpp/include/rclcpp/executors.hpp:22[m[K,
[16.583s]                  from [01m[K/home/jetson/ros2_dashing/install/rclcpp/include/rclcpp/rclcpp.hpp:144[m[K,
[16.591s]                  from [01m[K/home/jetson/JetAutonomy/ros2/src/front_cam/src/front_cam_node.cpp:2[m[K:
[16.592s] [01m[K/home/jetson/ros2_dashing/install/rclcpp/include/rclcpp/node.hpp:732:3:[m[K [01;36m[Knote: [m[Kcandidate: template<class ParameterT> bool rclcpp::Node::get_parameter_or(const string&, ParameterT&, const ParameterT&) const
[16.593s]    [01;36m[Kget_parameter_or[m[K(
[16.594s]    [01;36m[K^~~~~~~~~~~~~~~~[m[K
[16.595s] [01m[K/home/jetson/ros2_dashing/install/rclcpp/include/rclcpp/node.hpp:732:3:[m[K [01;36m[Knote: [m[K  template argument deduction/substitution failed:
[16.595s] [01m[K/home/jetson/JetAutonomy/ros2/src/front_cam/src/front_cam_node.cpp:32:89:[m[K [01;36m[Knote: [m[K  deduced conflicting types for parameter â€˜[01m[Kconst ParameterT[m[Kâ€™ (â€˜[01m[Kshort unsigned int[m[Kâ€™ and â€˜[01m[Krclcpp::Parameter[m[Kâ€™)
[16.596s]          this->get_parameter_or("device_id", device_id, rclcpp::Parameter("device_id", 0)[01;36m[K)[m[K;
[16.605s]                                                                                          [01;36m[K^[m[K
[21.803s] CMakeFiles/front_cam_node.dir/build.make:62: recipe for target 'CMakeFiles/front_cam_node.dir/src/front_cam_node.cpp.o' failed
[21.812s] make[2]: *** [CMakeFiles/front_cam_node.dir/src/front_cam_node.cpp.o] Error 1
[21.825s] make[1]: *** [CMakeFiles/front_cam_node.dir/all] Error 2
[21.832s] make: *** [all] Error 2
[21.833s] CMakeFiles/Makefile2:67: recipe for target 'CMakeFiles/front_cam_node.dir/all' failed
[21.846s] Makefile:140: recipe for target 'all' failed
[21.848s] Invoked command in '/home/jetson/JetAutonomy/ros2/build/front_cam' returned '2': /usr/bin/cmake --build /home/jetson/JetAutonomy/ros2/build/front_cam -- -j2 -l2
