[35m[1mScanning dependencies of target front_cam_node[0m
[ 50%] [32mBuilding CXX object CMakeFiles/front_cam_node.dir/src/front_cam_node.cpp.o[0m
In file included from [01m[K/home/jetson/JetAutonomy/ros2/src/front_cam/src/front_cam_node.cpp:7:0[m[K:
[01m[K/home/jetson/JetAutonomy/ros2/src/front_cam/include/CSICamera.hpp:133:29:[m[K [01;31m[Kerror: [m[Kexpected identifier before â€˜[01m[K&[m[Kâ€™ token
         std::thread thread_([01;31m[K&[m[KCSICamera::capture_thread, this);
                             [01;31m[K^[m[K
[01m[K/home/jetson/JetAutonomy/ros2/src/front_cam/include/CSICamera.hpp:133:30:[m[K [01;31m[Kerror: [m[Kexpected â€˜[01m[K,[m[Kâ€™ or â€˜[01m[K...[m[Kâ€™
         std::thread thread_(&[01;31m[KCSICamera[m[K::capture_thread, this);
                              [01;31m[K^~~~~~~~~[m[K
CMakeFiles/front_cam_node.dir/build.make:62: recipe for target 'CMakeFiles/front_cam_node.dir/src/front_cam_node.cpp.o' failed
CMakeFiles/Makefile2:67: recipe for target 'CMakeFiles/front_cam_node.dir/all' failed
make[2]: *** [CMakeFiles/front_cam_node.dir/src/front_cam_node.cpp.o] Error 1
make[1]: *** [CMakeFiles/front_cam_node.dir/all] Error 2
Makefile:140: recipe for target 'all' failed
make: *** [all] Error 2
