In file included from [01m[K/home/jetson/JetAutonomy/ros2/src/front_cam/src/front_cam_node.cpp:7:0[m[K:
[01m[K/home/jetson/JetAutonomy/ros2/src/front_cam/include/CSICamera.hpp:28:29:[m[K [01;31m[Kerror: [m[Kâ€˜[01m[Kcapture_thread[m[Kâ€™ is not a type
         std::thread thread_([01;31m[Kcapture_thread[m[K);
                             [01;31m[K^~~~~~~~~~~~~~[m[K
[01m[K/home/jetson/JetAutonomy/ros2/src/front_cam/include/CSICamera.hpp:47:14:[m[K [01;31m[Kerror: [m[Kâ€˜[01m[Kvoid CSICamera::capture_thread()[m[Kâ€™ cannot be overloaded
         void [01;31m[Kcapture_thread[m[K() {
              [01;31m[K^~~~~~~~~~~~~~[m[K
[01m[K/home/jetson/JetAutonomy/ros2/src/front_cam/include/CSICamera.hpp:27:14:[m[K [01;31m[Kerror: [m[Kwith â€˜[01m[Kvoid CSICamera::capture_thread()[m[Kâ€™
         void [01;31m[Kcapture_thread[m[K();
              [01;31m[K^~~~~~~~~~~~~~[m[K
[01m[K/home/jetson/JetAutonomy/ros2/src/front_cam/include/CSICamera.hpp:31:9:[m[K [01;31m[Kerror: [m[Kexpected â€˜[01m[K;[m[Kâ€™ before â€˜[01m[Kcv[m[Kâ€™
         [01;31m[Kcv[m[K::Mat frame_;
         [01;31m[K^~[m[K
[01m[K/home/jetson/JetAutonomy/ros2/src/front_cam/include/CSICamera.hpp:[m[K In member function â€˜[01m[Kvoid CSICamera::capture_thread()[m[Kâ€™:
[01m[K/home/jetson/JetAutonomy/ros2/src/front_cam/include/CSICamera.hpp:50:32:[m[K [01;31m[Kerror: [m[Kâ€˜[01m[Kclass CSICamera[m[Kâ€™ has no member named â€˜[01m[Kframe_[m[Kâ€™; did you mean â€˜[01m[Kframe_rate[m[Kâ€™?
                 cap.read(this->[01;31m[Kframe_[m[K);
                                [01;31m[K^~~~~~[m[K
                                [32m[Kframe_rate[m[K
[01m[K/home/jetson/JetAutonomy/ros2/src/front_cam/include/CSICamera.hpp:52:27:[m[K [01;31m[Kerror: [m[Kâ€˜[01m[Kclass CSICamera[m[Kâ€™ has no member named â€˜[01m[Kframe_[m[Kâ€™; did you mean â€˜[01m[Kframe_rate[m[Kâ€™?
                 if (this->[01;31m[Kframe_[m[K.empty()) {
                           [01;31m[K^~~~~~[m[K
                           [32m[Kframe_rate[m[K
[01m[K/home/jetson/JetAutonomy/ros2/src/front_cam/include/CSICamera.hpp:[m[K In member function â€˜[01m[Kint CSICamera::read(cv::Mat&)[m[Kâ€™:
[01m[K/home/jetson/JetAutonomy/ros2/src/front_cam/include/CSICamera.hpp:110:19:[m[K [01;31m[Kerror: [m[Kâ€˜[01m[Kclass CSICamera[m[Kâ€™ has no member named â€˜[01m[Kframe_[m[Kâ€™; did you mean â€˜[01m[Kframe_rate[m[Kâ€™?
             this->[01;31m[Kframe_[m[K.copyTo(frame);
                   [01;31m[K^~~~~~[m[K
                   [32m[Kframe_rate[m[K
make[2]: *** [CMakeFiles/front_cam_node.dir/src/front_cam_node.cpp.o] Error 1
make[1]: *** [CMakeFiles/front_cam_node.dir/all] Error 2
make: *** [all] Error 2
