[35m[1mScanning dependencies of target front_cam_node[0m
[ 50%] [32mBuilding CXX object CMakeFiles/front_cam_node.dir/src/front_cam_node.cpp.o[0m
[01m[K/home/jetson/JetAutonomy/ros/src/front_cam/src/front_cam_node.cpp:60:32:[m[K [01;31m[Kerror: [m[Kexpected identifier before â€˜[01m[Kthis[m[Kâ€™
         rclcpp::Rate loop_rate([01;31m[Kthis[m[K->frame_rate);
                                [01;31m[K^~~~[m[K
[01m[K/home/jetson/JetAutonomy/ros/src/front_cam/src/front_cam_node.cpp:60:32:[m[K [01;31m[Kerror: [m[Kexpected â€˜[01m[K,[m[Kâ€™ or â€˜[01m[K...[m[Kâ€™ before â€˜[01m[Kthis[m[Kâ€™
[01m[K/home/jetson/JetAutonomy/ros/src/front_cam/src/front_cam_node.cpp:[m[K In member function â€˜[01m[Kvoid FrontCamPublisher::spin()[m[Kâ€™:
[01m[K/home/jetson/JetAutonomy/ros/src/front_cam/src/front_cam_node.cpp:89:36:[m[K [01;31m[Kerror: [m[Kno matching function for call to â€˜[01m[Kspin_some(FrontCamPublisher&)[m[Kâ€™
             rclcpp::spin_some(*this[01;31m[K)[m[K;
                                    [01;31m[K^[m[K
In file included from [01m[K/home/jetson/ros2_dashing/install/rclcpp/include/rclcpp/rclcpp.hpp:144:0[m[K,
                 from [01m[K/home/jetson/JetAutonomy/ros/src/front_cam/src/front_cam_node.cpp:2[m[K:
[01m[K/home/jetson/ros2_dashing/install/rclcpp/include/rclcpp/executors.hpp:34:1:[m[K [01;36m[Knote: [m[Kcandidate: void rclcpp::spin_some(rclcpp::node_interfaces::NodeBaseInterface::SharedPtr)
 [01;36m[Kspin_some[m[K(rclcpp::node_interfaces::NodeBaseInterface::SharedPtr node_ptr);
 [01;36m[K^~~~~~~~~[m[K
[01m[K/home/jetson/ros2_dashing/install/rclcpp/include/rclcpp/executors.hpp:34:1:[m[K [01;36m[Knote: [m[K  no known conversion for argument 1 from â€˜[01m[KFrontCamPublisher[m[Kâ€™ to â€˜[01m[Krclcpp::node_interfaces::NodeBaseInterface::SharedPtr {aka std::shared_ptr<rclcpp::node_interfaces::NodeBaseInterface>}[m[Kâ€™
[01m[K/home/jetson/ros2_dashing/install/rclcpp/include/rclcpp/executors.hpp:38:1:[m[K [01;36m[Knote: [m[Kcandidate: void rclcpp::spin_some(rclcpp::Node::SharedPtr)
 [01;36m[Kspin_some[m[K(rclcpp::Node::SharedPtr node_ptr);
 [01;36m[K^~~~~~~~~[m[K
[01m[K/home/jetson/ros2_dashing/install/rclcpp/include/rclcpp/executors.hpp:38:1:[m[K [01;36m[Knote: [m[K  no known conversion for argument 1 from â€˜[01m[KFrontCamPublisher[m[Kâ€™ to â€˜[01m[Krclcpp::Node::SharedPtr {aka std::shared_ptr<rclcpp::Node>}[m[Kâ€™
[01m[K/home/jetson/JetAutonomy/ros/src/front_cam/src/front_cam_node.cpp:90:13:[m[K [01;31m[Kerror: [m[Kinvalid use of member function â€˜[01m[Krclcpp::Rate FrontCamPublisher::loop_rate(int)[m[Kâ€™ (did you forget the â€˜[01m[K()[m[Kâ€™ ?)
             [01;31m[Kloop_rate[m[K.sleep();
             [01;31m[K^~~~~~~~~[m[K
CMakeFiles/front_cam_node.dir/build.make:62: recipe for target 'CMakeFiles/front_cam_node.dir/src/front_cam_node.cpp.o' failed
make[2]: *** [CMakeFiles/front_cam_node.dir/src/front_cam_node.cpp.o] Error 1
CMakeFiles/Makefile2:67: recipe for target 'CMakeFiles/front_cam_node.dir/all' failed
make[1]: *** [CMakeFiles/front_cam_node.dir/all] Error 2
Makefile:140: recipe for target 'all' failed
make: *** [all] Error 2
