[1.758s] Invoking command in '/home/jetson/JetPilot/ros2/build/jetpilot_msgs': CMAKE_PREFIX_PATH=${CMAKE_PREFIX_PATH}:/home/jetson/JetAutonomy/ros2/install/joystick:/home/jetson/JetAutonomy/ros2/install/jet_drive:/home/jetson/JetAutonomy/ros2/install/bno055:/home/jetson/ros2_dashing/install/ros2bag:/home/jetson/ros2_dashing/install/topic_monitor:/home/jetson/ros2_dashing/install/sros2:/home/jetson/ros2_dashing/install/rqt_topic:/home/jetson/ros2_dashing/install/rqt_top:/home/jetson/ros2_dashing/install/rqt_srv:/home/jetson/ros2_dashing/install/rqt_shell:/home/jetson/ros2_dashing/install/rqt_service_caller:/home/jetson/ros2_dashing/install/rqt_py_console:/home/jetson/ros2_dashing/install/rqt_action:/home/jetson/ros2_dashing/install/rqt:/home/jetson/ros2_dashing/install/rqt_graph:/home/jetson/ros2_dashing/install/rqt_gui_py:/home/jetson/ros2_dashing/install/rqt_gui:/home/jetson/ros2_dashing/install/ros2topic:/home/jetson/ros2_dashing/install/ros2test:/home/jetson/ros2_dashing/install/ros2component:/home/jetson/ros2_dashing/install/ros2param:/home/jetson/ros2_dashing/install/ros2lifecycle:/home/jetson/ros2_dashing/install/ros2service:/home/jetson/ros2_dashing/install/ros2srv:/home/jetson/ros2_dashing/install/ros2run:/home/jetson/ros2_dashing/install/ros2launch:/home/jetson/ros2_dashing/install/ros2pkg:/home/jetson/ros2_dashing/install/ros2node:/home/jetson/ros2_dashing/install/ros2multicast:/home/jetson/ros2_dashing/install/ros2msg:/home/jetson/ros2_dashing/install/ros2action:/home/jetson/ros2_dashing/install/ros2cli:/home/jetson/ros2_dashing/install/quality_of_service_demo_py:/home/jetson/ros2_dashing/install/launch_testing_ros:/home/jetson/ros2_dashing/install/launch_ros:/home/jetson/ros2_dashing/install/examples_rclpy_minimal_subscriber:/home/jetson/ros2_dashing/install/examples_rclpy_minimal_service:/home/jetson/ros2_dashing/install/examples_rclpy_minimal_publisher:/home/jetson/ros2_dashing/install/examples_rclpy_minimal_client:/home/jetson/ros2_dashing/install/examples_rclpy_minimal_action_server:/home/jetson/ros2_dashing/install/examples_rclpy_minimal_action_client:/home/jetson/ros2_dashing/install/examples_rclpy_executors:/home/jetson/ros2_dashing/install/demo_nodes_py:/home/jetson/ros2_dashing/install/ament_uncrustify:/home/jetson/ros2_dashing/install/test_launch_ros:/home/jetson/ros2_dashing/install/rosidl_runtime_py:/home/jetson/ros2_dashing/install/launch_testing:/home/jetson/ros2_dashing/install/launch:/home/jetson/ros2_dashing/install/osrf_pycommon:/home/jetson/ros2_dashing/install/ament_xmllint:/home/jetson/ros2_dashing/install/ament_pyflakes:/home/jetson/ros2_dashing/install/ament_pep8:/home/jetson/ros2_dashing/install/ament_pep257:/home/jetson/ros2_dashing/install/ament_pclint:/home/jetson/ros2_dashing/install/ament_package:/home/jetson/ros2_dashing/install/ament_lint_cmake:/home/jetson/ros2_dashing/install/ament_flake8:/home/jetson/ros2_dashing/install/ament_copyright:/home/jetson/ros2_dashing/install/ament_lint:/home/jetson/ros2_dashing/install/ament_index_python:/home/jetson/ros2_dashing/install/ament_cpplint:/home/jetson/ros2_dashing/install/ament_cppcheck:/home/jetson/ros2_dashing/install/ament_clang_tidy:/home/jetson/ros2_dashing/install/ament_clang_format /usr/bin/cmake --build /home/jetson/JetPilot/ros2/build/jetpilot_msgs -- -j2 -l2
[2.866s] -- Found ament_cmake: 0.7.6 (/home/jetson/ros2_dashing/install/ament_cmake/share/ament_cmake/cmake)
[9.605s] -- Found PythonInterp: /usr/bin/python3 (found suitable version "3.6.8", minimum required is "3") 
[9.606s] -- Using PYTHON_EXECUTABLE: /usr/bin/python3
[17.691s] -- Found rosidl_default_generators: 0.7.0 (/home/jetson/ros2_dashing/install/rosidl_default_generators/share/rosidl_default_generators/cmake)
[18.521s] -- Found rosidl_adapter: 0.7.10 (/home/jetson/ros2_dashing/install/rosidl_adapter/share/rosidl_adapter/cmake)
[20.633s] -- Found std_msgs: 0.7.0 (/home/jetson/ros2_dashing/install/std_msgs/share/std_msgs/cmake)
[20.965s] -- Found geometry_msgs: 0.7.0 (/home/jetson/ros2_dashing/install/geometry_msgs/share/geometry_msgs/cmake)
[29.909s] -- Found PythonInterp: /usr/bin/python3 (found version "3.6.8") 
[41.173s] -- Using all available rosidl_typesupport_c: rosidl_typesupport_introspection_c;rosidl_typesupport_fastrtps_c
[43.490s] -- Using all available rosidl_typesupport_cpp: rosidl_typesupport_introspection_cpp;rosidl_typesupport_fastrtps_cpp
[58.461s] -- Found rmw_implementation_cmake: 0.7.2 (/home/jetson/ros2_dashing/install/rmw_implementation_cmake/share/rmw_implementation_cmake/cmake)
[63.031s] -- Found PythonInterp: /usr/bin/python3 (found suitable version "3.6.8", minimum required is "3.5") 
[63.032s] -- Found python_cmake_module: 0.7.11 (/home/jetson/ros2_dashing/install/python_cmake_module/share/python_cmake_module/cmake)
[67.335s] -- Using PYTHON_EXECUTABLE: /usr/bin/python3
[67.348s] -- Using PYTHON_INCLUDE_DIRS: /usr/include/python3.6m
[67.349s] -- Using PYTHON_LIBRARIES: /usr/lib/aarch64-linux-gnu/libpython3.6m.so
[76.897s] -- Configuring done
[78.466s] -- Generating done
[78.525s] -- Build files have been written to: /home/jetson/JetPilot/ros2/build/jetpilot_msgs
[79.388s] [  1%] Built target jetpilot_msgs__cpp
[79.911s] [  3%] [32mBuilding C object CMakeFiles/jetpilot_msgs__rosidl_generator_c.dir/rosidl_generator_c/jetpilot_msgs/msg/jet_racer_pose__functions.c.o[0m
[80.044s] In file included from [01m[K/home/jetson/JetPilot/ros2/build/jetpilot_msgs/rosidl_generator_c/jetpilot_msgs/msg/jet_racer_pose__struct.h:24:0[m[K,
[80.045s]                  from [01m[K/home/jetson/JetPilot/ros2/build/jetpilot_msgs/rosidl_generator_c/jetpilot_msgs/msg/jet_racer_pose__functions.h:19[m[K,
[80.049s]                  from [01m[K/home/jetson/JetPilot/ros2/build/jetpilot_msgs/rosidl_generator_c/jetpilot_msgs/msg/jet_racer_pose__functions.c:4[m[K:
[80.049s] [01m[K/home/jetson/JetPilot/ros2/build/jetpilot_msgs/rosidl_generator_c/jetpilot_msgs/msg/euler__struct.h:24:10:[m[K [01;31m[Kfatal error: [m[Kgeometry_msgs/msg/vector3__struct.h: No such file or directory
[80.050s]  #include [01;31m[K"geometry_msgs/msg/vector3__struct.h"[m[K
[80.051s]           [01;31m[K^~~~~~~~~~~~~~~~~~~~~~~~~~~~~~~~~~~~~[m[K
[80.053s] compilation terminated.
[80.104s] make[2]: *** [CMakeFiles/jetpilot_msgs__rosidl_generator_c.dir/rosidl_generator_c/jetpilot_msgs/msg/jet_racer_pose__functions.c.o] Error 1
[80.107s] make[1]: *** [CMakeFiles/jetpilot_msgs__rosidl_generator_c.dir/all] Error 2
[80.113s] CMakeFiles/jetpilot_msgs__rosidl_generator_c.dir/build.make:235: recipe for target 'CMakeFiles/jetpilot_msgs__rosidl_generator_c.dir/rosidl_generator_c/jetpilot_msgs/msg/jet_racer_pose__functions.c.o' failed
[80.119s] CMakeFiles/Makefile2:226: recipe for target 'CMakeFiles/jetpilot_msgs__rosidl_generator_c.dir/all' failed
[80.123s] Makefile:140: recipe for target 'all' failed
[80.126s] make: *** [all] Error 2
[80.133s] Invoked command in '/home/jetson/JetPilot/ros2/build/jetpilot_msgs' returned '2': CMAKE_PREFIX_PATH=${CMAKE_PREFIX_PATH}:/home/jetson/JetAutonomy/ros2/install/joystick:/home/jetson/JetAutonomy/ros2/install/jet_drive:/home/jetson/JetAutonomy/ros2/install/bno055:/home/jetson/ros2_dashing/install/ros2bag:/home/jetson/ros2_dashing/install/topic_monitor:/home/jetson/ros2_dashing/install/sros2:/home/jetson/ros2_dashing/install/rqt_topic:/home/jetson/ros2_dashing/install/rqt_top:/home/jetson/ros2_dashing/install/rqt_srv:/home/jetson/ros2_dashing/install/rqt_shell:/home/jetson/ros2_dashing/install/rqt_service_caller:/home/jetson/ros2_dashing/install/rqt_py_console:/home/jetson/ros2_dashing/install/rqt_action:/home/jetson/ros2_dashing/install/rqt:/home/jetson/ros2_dashing/install/rqt_graph:/home/jetson/ros2_dashing/install/rqt_gui_py:/home/jetson/ros2_dashing/install/rqt_gui:/home/jetson/ros2_dashing/install/ros2topic:/home/jetson/ros2_dashing/install/ros2test:/home/jetson/ros2_dashing/install/ros2component:/home/jetson/ros2_dashing/install/ros2param:/home/jetson/ros2_dashing/install/ros2lifecycle:/home/jetson/ros2_dashing/install/ros2service:/home/jetson/ros2_dashing/install/ros2srv:/home/jetson/ros2_dashing/install/ros2run:/home/jetson/ros2_dashing/install/ros2launch:/home/jetson/ros2_dashing/install/ros2pkg:/home/jetson/ros2_dashing/install/ros2node:/home/jetson/ros2_dashing/install/ros2multicast:/home/jetson/ros2_dashing/install/ros2msg:/home/jetson/ros2_dashing/install/ros2action:/home/jetson/ros2_dashing/install/ros2cli:/home/jetson/ros2_dashing/install/quality_of_service_demo_py:/home/jetson/ros2_dashing/install/launch_testing_ros:/home/jetson/ros2_dashing/install/launch_ros:/home/jetson/ros2_dashing/install/examples_rclpy_minimal_subscriber:/home/jetson/ros2_dashing/install/examples_rclpy_minimal_service:/home/jetson/ros2_dashing/install/examples_rclpy_minimal_publisher:/home/jetson/ros2_dashing/install/examples_rclpy_minimal_client:/home/jetson/ros2_dashing/install/examples_rclpy_minimal_action_server:/home/jetson/ros2_dashing/install/examples_rclpy_minimal_action_client:/home/jetson/ros2_dashing/install/examples_rclpy_executors:/home/jetson/ros2_dashing/install/demo_nodes_py:/home/jetson/ros2_dashing/install/ament_uncrustify:/home/jetson/ros2_dashing/install/test_launch_ros:/home/jetson/ros2_dashing/install/rosidl_runtime_py:/home/jetson/ros2_dashing/install/launch_testing:/home/jetson/ros2_dashing/install/launch:/home/jetson/ros2_dashing/install/osrf_pycommon:/home/jetson/ros2_dashing/install/ament_xmllint:/home/jetson/ros2_dashing/install/ament_pyflakes:/home/jetson/ros2_dashing/install/ament_pep8:/home/jetson/ros2_dashing/install/ament_pep257:/home/jetson/ros2_dashing/install/ament_pclint:/home/jetson/ros2_dashing/install/ament_package:/home/jetson/ros2_dashing/install/ament_lint_cmake:/home/jetson/ros2_dashing/install/ament_flake8:/home/jetson/ros2_dashing/install/ament_copyright:/home/jetson/ros2_dashing/install/ament_lint:/home/jetson/ros2_dashing/install/ament_index_python:/home/jetson/ros2_dashing/install/ament_cpplint:/home/jetson/ros2_dashing/install/ament_cppcheck:/home/jetson/ros2_dashing/install/ament_clang_tidy:/home/jetson/ros2_dashing/install/ament_clang_format /usr/bin/cmake --build /home/jetson/JetPilot/ros2/build/jetpilot_msgs -- -j2 -l2
